Using pre-set license

 COMMAND LINE ARGUMENTS:
/Applications/Unity/Hub/Editor/2020.3.0f1/Unity.app/Contents/MacOS/Unity
-adb2
-batchMode
-noUpm
-name
AssetImportWorker0
-projectPath
/Users/apple/Work/Unity/Volley
-logFile
Logs/AssetImportWorker0.log
-srvPort
51012
Successfully changed project path to: /Users/apple/Work/Unity/Volley
/Users/apple/Work/Unity/Volley
Using Asset Import Pipeline V2.
Refreshing native plugins compatible for Editor in 46.89 ms, found 2 plugins.
Preloading 0 native plugins for Editor in 0.00 ms.
Initialize engine version: 2020.3.0f1 (c7b5465681fb)
[Subsystems] Discovering subsystems at path /Applications/Unity/Hub/Editor/2020.3.0f1/Unity.app/Contents/Resources/UnitySubsystems
[Subsystems] Discovering subsystems at path /Users/apple/Work/Unity/Volley/Assets
GfxDevice: creating device client; threaded=0
2021-05-23 18:37:34.333 Unity[3895:38113] Color LCD preferred device: Intel Iris Pro Graphics (low power)
2021-05-23 18:37:34.333 Unity[3895:38113] Metal devices available: 1
2021-05-23 18:37:34.333 Unity[3895:38113] 0: Intel Iris Pro Graphics (low power)
2021-05-23 18:37:34.333 Unity[3895:38113] Using device Intel Iris Pro Graphics (low power)
Initializing Metal device caps: Intel Iris Pro Graphics
Initialize mono
Mono path[0] = '/Applications/Unity/Hub/Editor/2020.3.0f1/Unity.app/Contents/Managed'
Mono path[1] = '/Applications/Unity/Hub/Editor/2020.3.0f1/Unity.app/Contents/MonoBleedingEdge/lib/mono/unityjit'
Mono config path = '/Applications/Unity/Hub/Editor/2020.3.0f1/Unity.app/Contents/MonoBleedingEdge/etc'
Using monoOptions --debugger-agent=transport=dt_socket,embedding=1,server=y,suspend=n,address=127.0.0.1:56895
Begin MonoManager ReloadAssembly
Registering precompiled unity dll's ...
Register platform support module: /Applications/Unity/Hub/Editor/2020.3.0f1/Unity.app/Contents/PlaybackEngines/MacStandaloneSupport/UnityEditor.OSXStandalone.Extensions.dll
Registered in 0.001060 seconds.
Native extension for OSXStandalone target not found
Refreshing native plugins compatible for Editor in 44.37 ms, found 2 plugins.
Preloading 0 native plugins for Editor in 0.00 ms.
Invoked RoslynAnalysisRunner static constructor.
RoslynAnalysisRunner will not be running.
RoslynAnalysisRunner has terminated.
Mono: successfully reloaded assembly
- Completed reload, in  3.806 seconds
Platform modules already initialized, skipping
Registering precompiled user dll's ...
Registered in 0.000735 seconds.
Begin MonoManager ReloadAssembly
Native extension for OSXStandalone target not found
Refreshing native plugins compatible for Editor in 51.69 ms, found 2 plugins.
Preloading 0 native plugins for Editor in 0.00 ms.
Invoked RoslynAnalysisRunner static constructor.
RoslynAnalysisRunner will not be running.
RoslynAnalysisRunner has terminated.
Mono: successfully reloaded assembly
- Completed reload, in  1.515 seconds
Platform modules already initialized, skipping
========================================================================
Worker process is ready to serve import requests
Launching external process: /Applications/Unity/Hub/Editor/2020.3.0f1/Unity.app/Contents/Tools/UnityShaderCompiler
Launched and connected shader compiler UnityShaderCompiler after 0.03 seconds
Refreshing native plugins compatible for Editor in 0.57 ms, found 2 plugins.
Preloading 0 native plugins for Editor in 0.00 ms.
Unloading 1811 Unused Serialized files (Serialized files now loaded: 0)
System memory in use before: 148.1 MB.
System memory in use after: 148.1 MB.

Unloading 24 unused Assets to reduce memory usage. Loaded Objects now: 2253.
Total: 3.213516 ms (FindLiveObjects: 0.316661 ms CreateObjectMapping: 0.092584 ms MarkObjects: 2.653127 ms  DeleteObjects: 0.149826 ms)

========================================================================
Received Import Request.
  path: Assets/Animations/player.idle.anim
  artifactKey: Guid(f473f11a669744014978c57c766446c8) Importer(815301076,1909f56bfc062723c751e8b465ee728b)
Start importing Assets/Animations/player.idle.anim using Guid(f473f11a669744014978c57c766446c8) Importer(815301076,1909f56bfc062723c751e8b465ee728b)  -> (artifact id: '5c78dc4505627ec19c4abffbee1efdc9') in 1.343077 seconds
  Import took 1.348210 seconds .

========================================================================
Received Import Request.
  Time since last request: 0.943451 seconds.
  path: Assets/Animations/player_idle.anim
  artifactKey: Guid(f473f11a669744014978c57c766446c8) Importer(815301076,1909f56bfc062723c751e8b465ee728b)
Start importing Assets/Animations/player_idle.anim using Guid(f473f11a669744014978c57c766446c8) Importer(815301076,1909f56bfc062723c751e8b465ee728b)  -> (artifact id: '557cbf5935a0231d252b46ae74d9dbf6') in 0.004710 seconds
  Import took 0.010594 seconds .

========================================================================
Received Prepare
Registering precompiled user dll's ...
Registered in 0.001055 seconds.
Begin MonoManager ReloadAssembly
Native extension for OSXStandalone target not found
Refreshing native plugins compatible for Editor in 0.38 ms, found 2 plugins.
Preloading 0 native plugins for Editor in 0.00 ms.
Invoked RoslynAnalysisRunner static constructor.
RoslynAnalysisRunner will not be running.
RoslynAnalysisRunner has terminated.
Mono: successfully reloaded assembly
- Completed reload, in  1.158 seconds
Platform modules already initialized, skipping
Refreshing native plugins compatible for Editor in 0.42 ms, found 2 plugins.
Preloading 0 native plugins for Editor in 0.00 ms.
Unloading 1806 Unused Serialized files (Serialized files now loaded: 0)
System memory in use before: 152.7 MB.
System memory in use after: 152.7 MB.

Unloading 12 unused Assets to reduce memory usage. Loaded Objects now: 2257.
Total: 2.938383 ms (FindLiveObjects: 0.217746 ms CreateObjectMapping: 0.079864 ms MarkObjects: 2.526104 ms  DeleteObjects: 0.111923 ms)

========================================================================
Received Import Request.
  Time since last request: 796.063359 seconds.
  path: Assets/Sprites/Body].png
  artifactKey: Guid(c88fec981e2924d09923a13a7d215ab2) Importer(815301076,1909f56bfc062723c751e8b465ee728b)
Start importing Assets/Sprites/Body].png using Guid(c88fec981e2924d09923a13a7d215ab2) Importer(815301076,1909f56bfc062723c751e8b465ee728b)  -> (artifact id: 'c6170d3ab4f8ba25c165c9a364e4c528') in 1.143738 seconds
  Import took 1.149436 seconds .

========================================================================
Received Import Request.
  Time since last request: 0.789195 seconds.
  path: Assets/Sprites/Body.png
  artifactKey: Guid(c88fec981e2924d09923a13a7d215ab2) Importer(815301076,1909f56bfc062723c751e8b465ee728b)
Start importing Assets/Sprites/Body.png using Guid(c88fec981e2924d09923a13a7d215ab2) Importer(815301076,1909f56bfc062723c751e8b465ee728b)  -> (artifact id: 'd3ee31843bc3ab8a3ca571869aa22e1f') in 0.029766 seconds
  Import took 0.034295 seconds .

========================================================================
Received Import Request.
  Time since last request: 18.261665 seconds.
  path: Assets/Sprites/Head.png
  artifactKey: Guid(b013503cdc0c84388a86eb89ac9646a4) Importer(815301076,1909f56bfc062723c751e8b465ee728b)
Start importing Assets/Sprites/Head.png using Guid(b013503cdc0c84388a86eb89ac9646a4) Importer(815301076,1909f56bfc062723c751e8b465ee728b)  -> (artifact id: '0de3fda87c0f9bdbcdc834713e21f1d1') in 0.025249 seconds
  Import took 0.029773 seconds .

========================================================================
Received Import Request.
  Time since last request: 115.187732 seconds.
  path: Assets/Sprites/Body.png
  artifactKey: Guid(c88fec981e2924d09923a13a7d215ab2) Importer(815301076,1909f56bfc062723c751e8b465ee728b)
Start importing Assets/Sprites/Body.png using Guid(c88fec981e2924d09923a13a7d215ab2) Importer(815301076,1909f56bfc062723c751e8b465ee728b)  -> (artifact id: 'd356eb9e7e7ae3b7494ebfbf03e85b0f') in 0.026647 seconds
  Import took 0.030554 seconds .

========================================================================
Received Prepare
Registering precompiled user dll's ...
Registered in 0.001040 seconds.
Begin MonoManager ReloadAssembly
Native extension for OSXStandalone target not found
Refreshing native plugins compatible for Editor in 0.38 ms, found 2 plugins.
Preloading 0 native plugins for Editor in 0.00 ms.
Invoked RoslynAnalysisRunner static constructor.
RoslynAnalysisRunner will not be running.
RoslynAnalysisRunner has terminated.
Mono: successfully reloaded assembly
- Completed reload, in  1.111 seconds
Platform modules already initialized, skipping
Refreshing native plugins compatible for Editor in 0.40 ms, found 2 plugins.
Preloading 0 native plugins for Editor in 0.00 ms.
Unloading 1806 Unused Serialized files (Serialized files now loaded: 0)
System memory in use before: 160.6 MB.
System memory in use after: 160.6 MB.

Unloading 12 unused Assets to reduce memory usage. Loaded Objects now: 2269.
Total: 2.470601 ms (FindLiveObjects: 0.296571 ms CreateObjectMapping: 0.071584 ms MarkObjects: 1.987235 ms  DeleteObjects: 0.113078 ms)

========================================================================
Received Prepare
Registering precompiled user dll's ...
Registered in 0.000824 seconds.
Begin MonoManager ReloadAssembly
Native extension for OSXStandalone target not found
Refreshing native plugins compatible for Editor in 0.38 ms, found 2 plugins.
Preloading 0 native plugins for Editor in 0.00 ms.
Invoked RoslynAnalysisRunner static constructor.
RoslynAnalysisRunner will not be running.
RoslynAnalysisRunner has terminated.
Mono: successfully reloaded assembly
- Completed reload, in  1.111 seconds
Platform modules already initialized, skipping
Refreshing native plugins compatible for Editor in 0.38 ms, found 2 plugins.
Preloading 0 native plugins for Editor in 0.00 ms.
Unloading 1806 Unused Serialized files (Serialized files now loaded: 0)
System memory in use before: 160.8 MB.
System memory in use after: 160.8 MB.

Unloading 12 unused Assets to reduce memory usage. Loaded Objects now: 2273.
Total: 2.553855 ms (FindLiveObjects: 0.318488 ms CreateObjectMapping: 0.072181 ms MarkObjects: 2.043928 ms  DeleteObjects: 0.118323 ms)

========================================================================
Received Prepare
Registering precompiled user dll's ...
Registered in 0.000878 seconds.
Begin MonoManager ReloadAssembly
Native extension for OSXStandalone target not found
Refreshing native plugins compatible for Editor in 0.39 ms, found 2 plugins.
Preloading 0 native plugins for Editor in 0.00 ms.
Invoked RoslynAnalysisRunner static constructor.
RoslynAnalysisRunner will not be running.
RoslynAnalysisRunner has terminated.
Mono: successfully reloaded assembly
- Completed reload, in  1.141 seconds
Platform modules already initialized, skipping
Refreshing native plugins compatible for Editor in 0.38 ms, found 2 plugins.
Preloading 0 native plugins for Editor in 0.00 ms.
Unloading 1806 Unused Serialized files (Serialized files now loaded: 0)
System memory in use before: 161.0 MB.
System memory in use after: 161.0 MB.

Unloading 12 unused Assets to reduce memory usage. Loaded Objects now: 2277.
Total: 2.620851 ms (FindLiveObjects: 0.251712 ms CreateObjectMapping: 0.103901 ms MarkObjects: 2.141325 ms  DeleteObjects: 0.122591 ms)

========================================================================
Received Prepare
Registering precompiled user dll's ...
Registered in 0.000739 seconds.
Begin MonoManager ReloadAssembly
Native extension for OSXStandalone target not found
Refreshing native plugins compatible for Editor in 0.41 ms, found 2 plugins.
Preloading 0 native plugins for Editor in 0.00 ms.
Invoked RoslynAnalysisRunner static constructor.
RoslynAnalysisRunner will not be running.
RoslynAnalysisRunner has terminated.
Mono: successfully reloaded assembly
- Completed reload, in  1.122 seconds
Platform modules already initialized, skipping
Refreshing native plugins compatible for Editor in 0.38 ms, found 2 plugins.
Preloading 0 native plugins for Editor in 0.00 ms.
Unloading 1806 Unused Serialized files (Serialized files now loaded: 0)
System memory in use before: 161.2 MB.
System memory in use after: 161.2 MB.

Unloading 12 unused Assets to reduce memory usage. Loaded Objects now: 2281.
Total: 2.457048 ms (FindLiveObjects: 0.309936 ms CreateObjectMapping: 0.073951 ms MarkObjects: 1.952775 ms  DeleteObjects: 0.119398 ms)

========================================================================
Received Prepare
Registering precompiled user dll's ...
Registered in 0.002501 seconds.
Begin MonoManager ReloadAssembly
Native extension for OSXStandalone target not found
Refreshing native plugins compatible for Editor in 0.45 ms, found 2 plugins.
Preloading 0 native plugins for Editor in 0.00 ms.
Invoked RoslynAnalysisRunner static constructor.
RoslynAnalysisRunner will not be running.
RoslynAnalysisRunner has terminated.
Mono: successfully reloaded assembly
- Completed reload, in  1.145 seconds
Platform modules already initialized, skipping
Refreshing native plugins compatible for Editor in 0.37 ms, found 2 plugins.
Preloading 0 native plugins for Editor in 0.00 ms.
Unloading 1806 Unused Serialized files (Serialized files now loaded: 0)
System memory in use before: 161.4 MB.
System memory in use after: 161.4 MB.

Unloading 12 unused Assets to reduce memory usage. Loaded Objects now: 2285.
Total: 3.741159 ms (FindLiveObjects: 0.398523 ms CreateObjectMapping: 0.148509 ms MarkObjects: 3.041344 ms  DeleteObjects: 0.151188 ms)

========================================================================
Received Import Request.
  Time since last request: 1421.195072 seconds.
  path: Assets/Animations/player_idle.anim
  artifactKey: Guid(f473f11a669744014978c57c766446c8) Importer(815301076,1909f56bfc062723c751e8b465ee728b)
Start importing Assets/Animations/player_idle.anim using Guid(f473f11a669744014978c57c766446c8) Importer(815301076,1909f56bfc062723c751e8b465ee728b)  -> (artifact id: 'fa850043bb9fd56f9e6abceb3fa7fcad') in 0.014631 seconds
  Import took 0.019383 seconds .

========================================================================
Received Import Request.
  Time since last request: 0.524458 seconds.
  path: Assets/Animations/player_jump.anim
  artifactKey: Guid(1377623981f9e470c87017a5d46b9f31) Importer(815301076,1909f56bfc062723c751e8b465ee728b)
Start importing Assets/Animations/player_jump.anim using Guid(1377623981f9e470c87017a5d46b9f31) Importer(815301076,1909f56bfc062723c751e8b465ee728b)  -> (artifact id: 'b8482d0e915a90baa9a04c92e22512e9') in 0.004976 seconds
  Import took 0.011007 seconds .

========================================================================
Received Import Request.
  Time since last request: 0.004618 seconds.
  path: Assets/Animations/player_jump.anim
  artifactKey: Guid(1377623981f9e470c87017a5d46b9f31) Importer(815301076,1909f56bfc062723c751e8b465ee728b)
Start importing Assets/Animations/player_jump.anim using Guid(1377623981f9e470c87017a5d46b9f31) Importer(815301076,1909f56bfc062723c751e8b465ee728b)  -> (artifact id: 'b8482d0e915a90baa9a04c92e22512e9') in 0.002780 seconds
  Import took 0.007673 seconds .

========================================================================
Received Import Request.
  Time since last request: 6.809166 seconds.
  path: Assets/Animations/takeoff.anim
  artifactKey: Guid(1377623981f9e470c87017a5d46b9f31) Importer(815301076,1909f56bfc062723c751e8b465ee728b)
Start importing Assets/Animations/takeoff.anim using Guid(1377623981f9e470c87017a5d46b9f31) Importer(815301076,1909f56bfc062723c751e8b465ee728b)  -> (artifact id: '7c0b2a160d7b25678730d7dbe5a292e9') in 0.004696 seconds
  Import took 0.009406 seconds .

========================================================================
Received Import Request.
  Time since last request: 2.297524 seconds.
  path: Assets/Animations/idle.anim
  artifactKey: Guid(f473f11a669744014978c57c766446c8) Importer(815301076,1909f56bfc062723c751e8b465ee728b)
Start importing Assets/Animations/idle.anim using Guid(f473f11a669744014978c57c766446c8) Importer(815301076,1909f56bfc062723c751e8b465ee728b)  -> (artifact id: 'edb666dbe6f84e6d5f743574ef656713') in 0.004242 seconds
  Import took 0.009641 seconds .

========================================================================
Received Import Request.
  Time since last request: 3.408533 seconds.
  path: Assets/Animations/Player.controller
  artifactKey: Guid(1a28ad568b16c448f8a03682004df100) Importer(815301076,1909f56bfc062723c751e8b465ee728b)
Start importing Assets/Animations/Player.controller using Guid(1a28ad568b16c448f8a03682004df100) Importer(815301076,1909f56bfc062723c751e8b465ee728b)  -> (artifact id: 'f9159624eab0f2c8b8326c54f7689048') in 0.360873 seconds
  Import took 0.365403 seconds .

========================================================================
Received Import Request.
  Time since last request: 30.050852 seconds.
  path: Assets/Animations/Idle.anim
  artifactKey: Guid(f473f11a669744014978c57c766446c8) Importer(815301076,1909f56bfc062723c751e8b465ee728b)
Start importing Assets/Animations/Idle.anim using Guid(f473f11a669744014978c57c766446c8) Importer(815301076,1909f56bfc062723c751e8b465ee728b)  -> (artifact id: '8e624947115925d3bcd6e5142a58c91b') in 0.003044 seconds
  Import took 0.007785 seconds .

========================================================================
Received Import Request.
  Time since last request: 2.644276 seconds.
  path: Assets/Animations/Takeoff.anim
  artifactKey: Guid(1377623981f9e470c87017a5d46b9f31) Importer(815301076,1909f56bfc062723c751e8b465ee728b)
Start importing Assets/Animations/Takeoff.anim using Guid(1377623981f9e470c87017a5d46b9f31) Importer(815301076,1909f56bfc062723c751e8b465ee728b)  -> (artifact id: '0888a70cea108f52a8642ffde98214e7') in 0.004452 seconds
  Import took 0.008783 seconds .

========================================================================
Received Prepare
Registering precompiled user dll's ...
Registered in 0.001012 seconds.
Begin MonoManager ReloadAssembly
Native extension for OSXStandalone target not found
Refreshing native plugins compatible for Editor in 0.38 ms, found 2 plugins.
Preloading 0 native plugins for Editor in 0.00 ms.
Invoked RoslynAnalysisRunner static constructor.
RoslynAnalysisRunner will not be running.
RoslynAnalysisRunner has terminated.
Mono: successfully reloaded assembly
- Completed reload, in  1.128 seconds
Platform modules already initialized, skipping
Refreshing native plugins compatible for Editor in 0.38 ms, found 2 plugins.
Preloading 0 native plugins for Editor in 0.00 ms.
Unloading 1806 Unused Serialized files (Serialized files now loaded: 0)
System memory in use before: 165.8 MB.
System memory in use after: 165.8 MB.

Unloading 12 unused Assets to reduce memory usage. Loaded Objects now: 2289.
Total: 2.651446 ms (FindLiveObjects: 0.313694 ms CreateObjectMapping: 0.072687 ms MarkObjects: 2.142536 ms  DeleteObjects: 0.121588 ms)

========================================================================
Received Prepare
Registering precompiled user dll's ...
Registered in 0.000645 seconds.
Begin MonoManager ReloadAssembly
Native extension for OSXStandalone target not found
Refreshing native plugins compatible for Editor in 0.38 ms, found 2 plugins.
Preloading 0 native plugins for Editor in 0.00 ms.
Invoked RoslynAnalysisRunner static constructor.
RoslynAnalysisRunner will not be running.
RoslynAnalysisRunner has terminated.
Mono: successfully reloaded assembly
- Completed reload, in  1.161 seconds
Platform modules already initialized, skipping
Refreshing native plugins compatible for Editor in 0.40 ms, found 2 plugins.
Preloading 0 native plugins for Editor in 0.00 ms.
Unloading 1806 Unused Serialized files (Serialized files now loaded: 0)
System memory in use before: 166.0 MB.
System memory in use after: 166.0 MB.

Unloading 12 unused Assets to reduce memory usage. Loaded Objects now: 2293.
Total: 2.372225 ms (FindLiveObjects: 0.253889 ms CreateObjectMapping: 0.069797 ms MarkObjects: 1.905122 ms  DeleteObjects: 0.142440 ms)

========================================================================
Received Prepare
Registering precompiled user dll's ...
Registered in 0.000827 seconds.
Begin MonoManager ReloadAssembly
Native extension for OSXStandalone target not found
Refreshing native plugins compatible for Editor in 0.42 ms, found 2 plugins.
Preloading 0 native plugins for Editor in 0.00 ms.
Invoked RoslynAnalysisRunner static constructor.
RoslynAnalysisRunner will not be running.
RoslynAnalysisRunner has terminated.
Mono: successfully reloaded assembly
- Completed reload, in  1.170 seconds
Platform modules already initialized, skipping
Refreshing native plugins compatible for Editor in 0.37 ms, found 2 plugins.
Preloading 0 native plugins for Editor in 0.00 ms.
Unloading 1806 Unused Serialized files (Serialized files now loaded: 0)
System memory in use before: 166.2 MB.
System memory in use after: 166.2 MB.

Unloading 12 unused Assets to reduce memory usage. Loaded Objects now: 2297.
Total: 3.659952 ms (FindLiveObjects: 0.364910 ms CreateObjectMapping: 0.127088 ms MarkObjects: 2.985931 ms  DeleteObjects: 0.180185 ms)

========================================================================
Received Prepare
Registering precompiled user dll's ...
Registered in 0.000689 seconds.
Begin MonoManager ReloadAssembly
Native extension for OSXStandalone target not found
Refreshing native plugins compatible for Editor in 0.40 ms, found 2 plugins.
Preloading 0 native plugins for Editor in 0.00 ms.
Invoked RoslynAnalysisRunner static constructor.
RoslynAnalysisRunner will not be running.
RoslynAnalysisRunner has terminated.
Mono: successfully reloaded assembly
- Completed reload, in  1.190 seconds
Platform modules already initialized, skipping
Refreshing native plugins compatible for Editor in 0.40 ms, found 2 plugins.
Preloading 0 native plugins for Editor in 0.00 ms.
Unloading 1806 Unused Serialized files (Serialized files now loaded: 0)
System memory in use before: 166.4 MB.
System memory in use after: 166.4 MB.

Unloading 12 unused Assets to reduce memory usage. Loaded Objects now: 2301.
Total: 2.329674 ms (FindLiveObjects: 0.230268 ms CreateObjectMapping: 0.071525 ms MarkObjects: 1.908972 ms  DeleteObjects: 0.117882 ms)

========================================================================
Received Prepare
Registering precompiled user dll's ...
Registered in 0.003408 seconds.
Begin MonoManager ReloadAssembly
Native extension for OSXStandalone target not found
Refreshing native plugins compatible for Editor in 0.42 ms, found 2 plugins.
Preloading 0 native plugins for Editor in 0.00 ms.
Invoked RoslynAnalysisRunner static constructor.
RoslynAnalysisRunner will not be running.
RoslynAnalysisRunner has terminated.
Mono: successfully reloaded assembly
- Completed reload, in  1.241 seconds
Platform modules already initialized, skipping
Refreshing native plugins compatible for Editor in 0.41 ms, found 2 plugins.
Preloading 0 native plugins for Editor in 0.00 ms.
Unloading 1806 Unused Serialized files (Serialized files now loaded: 0)
System memory in use before: 166.6 MB.
System memory in use after: 166.6 MB.

Unloading 12 unused Assets to reduce memory usage. Loaded Objects now: 2305.
Total: 3.516916 ms (FindLiveObjects: 0.548024 ms CreateObjectMapping: 0.147859 ms MarkObjects: 2.664871 ms  DeleteObjects: 0.152724 ms)

========================================================================
Received Import Request.
  Time since last request: 1210.357816 seconds.
  path: Assets/Animations/Player.controller
  artifactKey: Guid(1a28ad568b16c448f8a03682004df100) Importer(815301076,1909f56bfc062723c751e8b465ee728b)
Start importing Assets/Animations/Player.controller using Guid(1a28ad568b16c448f8a03682004df100) Importer(815301076,1909f56bfc062723c751e8b465ee728b)  -> (artifact id: '2274a4e318674c4773df8e5fb7298c6d') in 0.019635 seconds
  Import took 0.024367 seconds .

========================================================================
Received Prepare
Registering precompiled user dll's ...
Registered in 0.002435 seconds.
Begin MonoManager ReloadAssembly
Native extension for OSXStandalone target not found
Refreshing native plugins compatible for Editor in 0.40 ms, found 2 plugins.
Preloading 0 native plugins for Editor in 0.00 ms.
Invoked RoslynAnalysisRunner static constructor.
RoslynAnalysisRunner will not be running.
RoslynAnalysisRunner has terminated.
Mono: successfully reloaded assembly
- Completed reload, in  1.216 seconds
Platform modules already initialized, skipping
Refreshing native plugins compatible for Editor in 0.42 ms, found 2 plugins.
Preloading 0 native plugins for Editor in 0.00 ms.
Unloading 1806 Unused Serialized files (Serialized files now loaded: 0)
System memory in use before: 166.8 MB.
System memory in use after: 166.8 MB.

Unloading 12 unused Assets to reduce memory usage. Loaded Objects now: 2309.
Total: 4.551548 ms (FindLiveObjects: 0.475503 ms CreateObjectMapping: 0.140089 ms MarkObjects: 3.761703 ms  DeleteObjects: 0.171873 ms)

========================================================================
Received Prepare
Registering precompiled user dll's ...
Registered in 0.000733 seconds.
Begin MonoManager ReloadAssembly
Native extension for OSXStandalone target not found
Refreshing native plugins compatible for Editor in 0.39 ms, found 2 plugins.
Preloading 0 native plugins for Editor in 0.00 ms.
Invoked RoslynAnalysisRunner static constructor.
RoslynAnalysisRunner will not be running.
RoslynAnalysisRunner has terminated.
Mono: successfully reloaded assembly
- Completed reload, in  1.121 seconds
Platform modules already initialized, skipping
Refreshing native plugins compatible for Editor in 0.43 ms, found 2 plugins.
Preloading 0 native plugins for Editor in 0.00 ms.
Unloading 1806 Unused Serialized files (Serialized files now loaded: 0)
System memory in use before: 167.0 MB.
System memory in use after: 167.0 MB.

Unloading 12 unused Assets to reduce memory usage. Loaded Objects now: 2313.
Total: 2.602871 ms (FindLiveObjects: 0.317227 ms CreateObjectMapping: 0.070747 ms MarkObjects: 2.052960 ms  DeleteObjects: 0.160002 ms)

========================================================================
Received Prepare
Registering precompiled user dll's ...
Registered in 0.000727 seconds.
Begin MonoManager ReloadAssembly
Native extension for OSXStandalone target not found
Refreshing native plugins compatible for Editor in 0.35 ms, found 2 plugins.
Preloading 0 native plugins for Editor in 0.00 ms.
Invoked RoslynAnalysisRunner static constructor.
RoslynAnalysisRunner will not be running.
RoslynAnalysisRunner has terminated.
Mono: successfully reloaded assembly
- Completed reload, in  1.125 seconds
Platform modules already initialized, skipping
Refreshing native plugins compatible for Editor in 0.40 ms, found 2 plugins.
Preloading 0 native plugins for Editor in 0.00 ms.
Unloading 1806 Unused Serialized files (Serialized files now loaded: 0)
System memory in use before: 167.2 MB.
System memory in use after: 167.2 MB.

Unloading 12 unused Assets to reduce memory usage. Loaded Objects now: 2317.
Total: 2.364360 ms (FindLiveObjects: 0.240237 ms CreateObjectMapping: 0.070354 ms MarkObjects: 1.929511 ms  DeleteObjects: 0.123143 ms)

========================================================================
Received Prepare
Registering precompiled user dll's ...
Registered in 0.000707 seconds.
Begin MonoManager ReloadAssembly
Native extension for OSXStandalone target not found
Refreshing native plugins compatible for Editor in 0.38 ms, found 2 plugins.
Preloading 0 native plugins for Editor in 0.00 ms.
Invoked RoslynAnalysisRunner static constructor.
RoslynAnalysisRunner will not be running.
RoslynAnalysisRunner has terminated.
Mono: successfully reloaded assembly
- Completed reload, in  1.155 seconds
Platform modules already initialized, skipping
Refreshing native plugins compatible for Editor in 0.43 ms, found 2 plugins.
Preloading 0 native plugins for Editor in 0.00 ms.
Unloading 1806 Unused Serialized files (Serialized files now loaded: 0)
System memory in use before: 167.4 MB.
System memory in use after: 167.4 MB.

Unloading 12 unused Assets to reduce memory usage. Loaded Objects now: 2321.
Total: 3.931016 ms (FindLiveObjects: 0.392437 ms CreateObjectMapping: 0.128645 ms MarkObjects: 3.164013 ms  DeleteObjects: 0.243592 ms)

========================================================================
Received Prepare
Registering precompiled user dll's ...
Registered in 0.000698 seconds.
Begin MonoManager ReloadAssembly
Native extension for OSXStandalone target not found
Refreshing native plugins compatible for Editor in 0.49 ms, found 2 plugins.
Preloading 0 native plugins for Editor in 0.00 ms.
Invoked RoslynAnalysisRunner static constructor.
RoslynAnalysisRunner will not be running.
RoslynAnalysisRunner has terminated.
Mono: successfully reloaded assembly
- Completed reload, in  1.292 seconds
Platform modules already initialized, skipping
Refreshing native plugins compatible for Editor in 0.34 ms, found 2 plugins.
Preloading 0 native plugins for Editor in 0.00 ms.
Unloading 1806 Unused Serialized files (Serialized files now loaded: 0)
System memory in use before: 167.6 MB.
System memory in use after: 167.6 MB.

Unloading 12 unused Assets to reduce memory usage. Loaded Objects now: 2325.
Total: 7.015330 ms (FindLiveObjects: 0.513952 ms CreateObjectMapping: 0.157657 ms MarkObjects: 6.114346 ms  DeleteObjects: 0.226937 ms)

========================================================================
Received Prepare
Registering precompiled user dll's ...
Registered in 0.000908 seconds.
Begin MonoManager ReloadAssembly
Native extension for OSXStandalone target not found
Refreshing native plugins compatible for Editor in 0.41 ms, found 2 plugins.
Preloading 0 native plugins for Editor in 0.00 ms.
Invoked RoslynAnalysisRunner static constructor.
RoslynAnalysisRunner will not be running.
RoslynAnalysisRunner has terminated.
Mono: successfully reloaded assembly
- Completed reload, in  1.215 seconds
Platform modules already initialized, skipping
Refreshing native plugins compatible for Editor in 0.43 ms, found 2 plugins.
Preloading 0 native plugins for Editor in 0.00 ms.
Unloading 1806 Unused Serialized files (Serialized files now loaded: 0)
System memory in use before: 167.8 MB.
System memory in use after: 167.8 MB.

Unloading 12 unused Assets to reduce memory usage. Loaded Objects now: 2329.
Total: 4.093759 ms (FindLiveObjects: 0.445977 ms CreateObjectMapping: 0.130165 ms MarkObjects: 3.344037 ms  DeleteObjects: 0.171676 ms)

========================================================================
Received Prepare
Registering precompiled user dll's ...
Registered in 0.000796 seconds.
Begin MonoManager ReloadAssembly
Native extension for OSXStandalone target not found
Refreshing native plugins compatible for Editor in 0.59 ms, found 2 plugins.
Preloading 0 native plugins for Editor in 0.00 ms.
Invoked RoslynAnalysisRunner static constructor.
RoslynAnalysisRunner will not be running.
RoslynAnalysisRunner has terminated.
Mono: successfully reloaded assembly
- Completed reload, in  1.291 seconds
Platform modules already initialized, skipping
Refreshing native plugins compatible for Editor in 0.35 ms, found 2 plugins.
Preloading 0 native plugins for Editor in 0.00 ms.
Unloading 1806 Unused Serialized files (Serialized files now loaded: 0)
System memory in use before: 168.0 MB.
System memory in use after: 168.0 MB.

Unloading 12 unused Assets to reduce memory usage. Loaded Objects now: 2333.
Total: 3.771584 ms (FindLiveObjects: 0.467531 ms CreateObjectMapping: 0.150628 ms MarkObjects: 3.024963 ms  DeleteObjects: 0.125275 ms)

========================================================================
Received Prepare
Registering precompiled user dll's ...
Registered in 0.002570 seconds.
Begin MonoManager ReloadAssembly
Native extension for OSXStandalone target not found
Refreshing native plugins compatible for Editor in 0.49 ms, found 2 plugins.
Preloading 0 native plugins for Editor in 0.00 ms.
Invoked RoslynAnalysisRunner static constructor.
RoslynAnalysisRunner will not be running.
RoslynAnalysisRunner has terminated.
Mono: successfully reloaded assembly
- Completed reload, in  1.194 seconds
Platform modules already initialized, skipping
Refreshing native plugins compatible for Editor in 0.39 ms, found 2 plugins.
Preloading 0 native plugins for Editor in 0.00 ms.
Unloading 1806 Unused Serialized files (Serialized files now loaded: 0)
System memory in use before: 168.2 MB.
System memory in use after: 168.2 MB.

Unloading 12 unused Assets to reduce memory usage. Loaded Objects now: 2337.
Total: 3.166761 ms (FindLiveObjects: 0.319399 ms CreateObjectMapping: 0.069334 ms MarkObjects: 2.634616 ms  DeleteObjects: 0.142337 ms)

========================================================================
Received Prepare
Registering precompiled user dll's ...
Registered in 0.000704 seconds.
Begin MonoManager ReloadAssembly
Native extension for OSXStandalone target not found
Refreshing native plugins compatible for Editor in 0.39 ms, found 2 plugins.
Preloading 0 native plugins for Editor in 0.00 ms.
Invoked RoslynAnalysisRunner static constructor.
RoslynAnalysisRunner will not be running.
RoslynAnalysisRunner has terminated.
Mono: successfully reloaded assembly
- Completed reload, in  1.141 seconds
Platform modules already initialized, skipping
Refreshing native plugins compatible for Editor in 0.38 ms, found 2 plugins.
Preloading 0 native plugins for Editor in 0.00 ms.
Unloading 1806 Unused Serialized files (Serialized files now loaded: 0)
System memory in use before: 168.4 MB.
System memory in use after: 168.4 MB.

Unloading 12 unused Assets to reduce memory usage. Loaded Objects now: 2341.
Total: 2.648554 ms (FindLiveObjects: 0.322649 ms CreateObjectMapping: 0.074975 ms MarkObjects: 2.126399 ms  DeleteObjects: 0.123154 ms)

========================================================================
Received Prepare
Registering precompiled user dll's ...
Registered in 0.003004 seconds.
Begin MonoManager ReloadAssembly
Native extension for OSXStandalone target not found
Refreshing native plugins compatible for Editor in 0.40 ms, found 2 plugins.
Preloading 0 native plugins for Editor in 0.00 ms.
Invoked RoslynAnalysisRunner static constructor.
RoslynAnalysisRunner will not be running.
RoslynAnalysisRunner has terminated.
Mono: successfully reloaded assembly
- Completed reload, in  1.240 seconds
Platform modules already initialized, skipping
Refreshing native plugins compatible for Editor in 0.43 ms, found 2 plugins.
Preloading 0 native plugins for Editor in 0.00 ms.
Unloading 1806 Unused Serialized files (Serialized files now loaded: 0)
System memory in use before: 168.6 MB.
System memory in use after: 168.6 MB.

Unloading 12 unused Assets to reduce memory usage. Loaded Objects now: 2345.
Total: 3.087040 ms (FindLiveObjects: 0.387130 ms CreateObjectMapping: 0.082003 ms MarkObjects: 2.465209 ms  DeleteObjects: 0.151012 ms)

========================================================================
Received Prepare
Registering precompiled user dll's ...
Registered in 0.002896 seconds.
Begin MonoManager ReloadAssembly
Native extension for OSXStandalone target not found
Refreshing native plugins compatible for Editor in 0.41 ms, found 2 plugins.
Preloading 0 native plugins for Editor in 0.00 ms.
Invoked RoslynAnalysisRunner static constructor.
RoslynAnalysisRunner will not be running.
RoslynAnalysisRunner has terminated.
Mono: successfully reloaded assembly
- Completed reload, in  1.148 seconds
Platform modules already initialized, skipping
Refreshing native plugins compatible for Editor in 0.39 ms, found 2 plugins.
Preloading 0 native plugins for Editor in 0.00 ms.
Unloading 1806 Unused Serialized files (Serialized files now loaded: 0)
System memory in use before: 168.8 MB.
System memory in use after: 168.8 MB.

Unloading 12 unused Assets to reduce memory usage. Loaded Objects now: 2349.
Total: 2.621730 ms (FindLiveObjects: 0.325287 ms CreateObjectMapping: 0.073415 ms MarkObjects: 2.095900 ms  DeleteObjects: 0.125872 ms)

========================================================================
Received Prepare
Registering precompiled user dll's ...
Registered in 0.001406 seconds.
Begin MonoManager ReloadAssembly
Native extension for OSXStandalone target not found
Refreshing native plugins compatible for Editor in 0.38 ms, found 2 plugins.
Preloading 0 native plugins for Editor in 0.00 ms.
Invoked RoslynAnalysisRunner static constructor.
RoslynAnalysisRunner will not be running.
RoslynAnalysisRunner has terminated.
Mono: successfully reloaded assembly
- Completed reload, in  1.217 seconds
Platform modules already initialized, skipping
Refreshing native plugins compatible for Editor in 0.42 ms, found 2 plugins.
Preloading 0 native plugins for Editor in 0.00 ms.
Unloading 1806 Unused Serialized files (Serialized files now loaded: 0)
System memory in use before: 169.0 MB.
System memory in use after: 169.0 MB.

Unloading 12 unused Assets to reduce memory usage. Loaded Objects now: 2353.
Total: 3.027412 ms (FindLiveObjects: 0.341860 ms CreateObjectMapping: 0.080867 ms MarkObjects: 2.451536 ms  DeleteObjects: 0.151910 ms)

========================================================================
Received Prepare
Registering precompiled user dll's ...
Registered in 0.000763 seconds.
Begin MonoManager ReloadAssembly
Native extension for OSXStandalone target not found
Refreshing native plugins compatible for Editor in 0.61 ms, found 2 plugins.
Preloading 0 native plugins for Editor in 0.00 ms.
Invoked RoslynAnalysisRunner static constructor.
RoslynAnalysisRunner will not be running.
RoslynAnalysisRunner has terminated.
Mono: successfully reloaded assembly
- Completed reload, in  1.507 seconds
Platform modules already initialized, skipping
Refreshing native plugins compatible for Editor in 0.34 ms, found 2 plugins.
Preloading 0 native plugins for Editor in 0.00 ms.
Unloading 1806 Unused Serialized files (Serialized files now loaded: 0)
System memory in use before: 169.3 MB.
System memory in use after: 169.2 MB.

Unloading 12 unused Assets to reduce memory usage. Loaded Objects now: 2357.
Total: 3.166049 ms (FindLiveObjects: 0.474900 ms CreateObjectMapping: 0.147570 ms MarkObjects: 2.353909 ms  DeleteObjects: 0.188406 ms)

========================================================================
Received Import Request.
  Time since last request: 7082.846226 seconds.
  path: Assets/Scripts/IPlayerController.cs
  artifactKey: Guid(9ae9392e813c14deca49729e7cbe28fd) Importer(815301076,1909f56bfc062723c751e8b465ee728b)
Start importing Assets/Scripts/IPlayerController.cs using Guid(9ae9392e813c14deca49729e7cbe28fd) Importer(815301076,1909f56bfc062723c751e8b465ee728b)  -> (artifact id: 'c321d5c08945c0ded37b1030bdcbb676') in 0.523686 seconds
  Import took 0.529861 seconds .

========================================================================
Received Prepare
Registering precompiled user dll's ...
Registered in 0.000732 seconds.
Begin MonoManager ReloadAssembly
Native extension for OSXStandalone target not found
Refreshing native plugins compatible for Editor in 0.37 ms, found 2 plugins.
Preloading 0 native plugins for Editor in 0.00 ms.
Invoked RoslynAnalysisRunner static constructor.
RoslynAnalysisRunner will not be running.
RoslynAnalysisRunner has terminated.
Mono: successfully reloaded assembly
- Completed reload, in  1.214 seconds
Platform modules already initialized, skipping
Refreshing native plugins compatible for Editor in 0.39 ms, found 2 plugins.
Preloading 0 native plugins for Editor in 0.00 ms.
Unloading 1806 Unused Serialized files (Serialized files now loaded: 0)
System memory in use before: 173.7 MB.
System memory in use after: 173.7 MB.

Unloading 12 unused Assets to reduce memory usage. Loaded Objects now: 2361.
Total: 3.861168 ms (FindLiveObjects: 0.438296 ms CreateObjectMapping: 0.129820 ms MarkObjects: 3.078772 ms  DeleteObjects: 0.212132 ms)

========================================================================
Received Prepare
Registering precompiled user dll's ...
Registered in 0.000640 seconds.
Begin MonoManager ReloadAssembly
Native extension for OSXStandalone target not found
Refreshing native plugins compatible for Editor in 0.38 ms, found 2 plugins.
Preloading 0 native plugins for Editor in 0.00 ms.
Invoked RoslynAnalysisRunner static constructor.
RoslynAnalysisRunner will not be running.
RoslynAnalysisRunner has terminated.
Mono: successfully reloaded assembly
- Completed reload, in  1.121 seconds
Platform modules already initialized, skipping
Refreshing native plugins compatible for Editor in 0.45 ms, found 2 plugins.
Preloading 0 native plugins for Editor in 0.00 ms.
Unloading 1806 Unused Serialized files (Serialized files now loaded: 0)
System memory in use before: 173.9 MB.
System memory in use after: 173.9 MB.

Unloading 12 unused Assets to reduce memory usage. Loaded Objects now: 2365.
Total: 3.748066 ms (FindLiveObjects: 0.345781 ms CreateObjectMapping: 0.127517 ms MarkObjects: 3.076045 ms  DeleteObjects: 0.196859 ms)

AssetImportWorkerClient::OnTransportError - code=2 error=End of file
